<?xml version="1.0" encoding="UTF-8"?>
<!-- Generated by org.testng.reporters.JUnitReportReporter -->
<testsuite skipped="0" hostname="IBM944-PC0GK400" name="mavenProject.GoogleTest" tests="1" failures="0" timestamp="07 Mar 2019 10:05:35 GMT" time="0.025" errors="0">
  <testcase name="LaunchTest" time="0.025" classname="mavenProject.GoogleTest"/>
</testsuite> <!-- mavenProject.GoogleTest -->
